<?xml version="1.0" encoding="UTF-8"?>
<!-- Generated by org.testng.reporters.JUnitReportReporter -->
<testsuite hostname="LAPTOP-3DFR2H5U" failures="0" tests="1" name="Testcases.Setdepositlimit" time="30.228" errors="0" timestamp="2022-03-29T15:23:09 CEST" skipped="0">
  <testcase classname="Testcases.Setdepositlimit" name="setdepositlimit" time="30.228"/>
  <system-out/>
</testsuite> <!-- Testcases.Setdepositlimit -->
