<?xml version="1.0" encoding="UTF-8"?>
<!-- Generated by org.testng.reporters.JUnitReportReporter -->
<testsuite hostname="LAPTOP-3DFR2H5U" failures="0" tests="1" name="Helper.Baseclass" time="1.019" errors="0" timestamp="2022-03-27T15:41:40 CEST" skipped="0">
  <testcase classname="Helper.Baseclass" name="Add" time="1.019"/>
  <system-out/>
</testsuite> <!-- Helper.Baseclass -->
