<?xml version="1.0" encoding="UTF-8"?>
<!-- Generated by org.testng.reporters.JUnitReportReporter -->
<testsuite hostname="LAPTOP-3DFR2H5U" failures="0" tests="1" name="Helper.Test" time="0.005" errors="0" timestamp="2022-03-26T01:07:13 CET" skipped="0">
  <testcase classname="Helper.Test" name="Launch" time="0.005"/>
  <system-out/>
</testsuite> <!-- Helper.Test -->
