<?xml version="1.0" encoding="UTF-8"?>
<!-- Generated by org.testng.reporters.JUnitReportReporter -->
<testsuite hostname="LAPTOP-3DFR2H5U" failures="0" tests="1" name="Testcases.dummy" time="6.737" errors="0" timestamp="2022-03-29T11:40:30 CEST" skipped="0">
  <testcase classname="Testcases.dummy" name="Dummy" time="6.737"/>
  <system-out/>
</testsuite> <!-- Testcases.dummy -->
