<?xml version="1.0" encoding="UTF-8"?>
<!-- Generated by org.testng.reporters.JUnitReportReporter -->
<testsuite hostname="LAPTOP-3DFR2H5U" failures="0" tests="1" name="Testcases.Loginlogut" time="15.444" errors="0" timestamp="2022-03-29T18:50:47 CEST" skipped="0">
  <testcase classname="Testcases.Loginlogut" name="login" time="15.444"/>
  <system-out/>
</testsuite> <!-- Testcases.Loginlogut -->
