<?xml version="1.0" encoding="UTF-8"?>
<!-- Generated by org.testng.reporters.JUnitReportReporter -->
<testsuite hostname="LAPTOP-3DFR2H5U" failures="0" tests="1" name="Testcases.SignUp" time="35.742" errors="0" timestamp="2022-03-29T15:46:29 CEST" skipped="0">
  <testcase classname="Testcases.SignUp" name="Register" time="35.742"/>
  <system-out/>
</testsuite> <!-- Testcases.SignUp -->
